0 info it worked if it ends with ok
1 verbose cli [ '/Users/melissaperry2/.nvm/versions/node/v7.0.0/bin/node',
1 verbose cli   '/Users/melissaperry2/.nvm/versions/node/v7.0.0/bin/npm',
1 verbose cli   'start' ]
2 info using npm@3.10.8
3 info using node@v7.0.0
4 verbose config Skipping project config: /Users/melissaperry2/.npmrc. (matches userconfig)
5 verbose stack Error: ENOENT: no such file or directory, open '/Users/melissaperry2/package.json'
6 verbose cwd /Users/melissaperry2/Sites/klick-react-demo
7 error Darwin 16.3.0
8 error argv "/Users/melissaperry2/.nvm/versions/node/v7.0.0/bin/node" "/Users/melissaperry2/.nvm/versions/node/v7.0.0/bin/npm" "start"
9 error node v7.0.0
10 error npm  v3.10.8
11 error path /Users/melissaperry2/package.json
12 error code ENOENT
13 error errno -2
14 error syscall open
15 error enoent ENOENT: no such file or directory, open '/Users/melissaperry2/package.json'
16 error enoent ENOENT: no such file or directory, open '/Users/melissaperry2/package.json'
16 error enoent This is most likely not a problem with npm itself
16 error enoent and is related to npm not being able to find a file.
17 verbose exit [ -2, true ]
